Arguments: 
  C:\Program Files\nodejs\node.exe C:\Users\MAURICIO\AppData\Roaming\npm\node_modules\yarn\bin\yarn.js init

PATH: 
  C:\Users\MAURICIO\bin;C:\Program Files\Git\mingw64\bin;C:\Program Files\Git\usr\local\bin;C:\Program Files\Git\usr\bin;C:\Program Files\Git\usr\bin;C:\Program Files\Git\mingw64\bin;C:\Program Files\Git\usr\bin;C:\Users\MAURICIO\bin;C:\Python310\Scripts;C:\Python310;C:\ProgramData\Oracle\Java\javapath;D:\Program Files (x86)\serverl2\opekjdk\bin;C:\Python38\Scripts;C:\Python38;C:\Program Files (x86)\Intel\Intel(R) Management Engine Components\iCLS;C:\Program Files\Intel\Intel(R) Management Engine Components\iCLS;C:\Windows\system32;C:\Windows;C:\Windows\System32\Wbem;C:\Windows\System32\WindowsPowerShell\v1.0;C:\Program Files (x86)\Intel\Intel(R) Management Engine Components\DAL;C:\Program Files\Intel\Intel(R) Management Engine Components\DAL;C:\Program Files (x86)\Intel\Intel(R) Management Engine Components\IPT;C:\Program Files\Intel\Intel(R) Management Engine Components\IPT;C:\Program Files (x86)\NVIDIA Corporation\PhysX\Common;C:\Program Files\Intel\WiFi\bin;C:\Program Files\Common Files\Intel\WirelessCommon;C:\WINDOWS\system32;C:\WINDOWS;C:\WINDOWS\System32\Wbem;C:\WINDOWS\System32\WindowsPowerShell\v1.0;C:\WINDOWS\System32\OpenSSH;C:\Program Files\NVIDIA Corporation\NVIDIA NvDLISR;C:\Program Files\Microsoft SQL Server\Client SDK\ODBC\110\Tools\Binn;C:\Program Files (x86)\Microsoft SQL Server\120\Tools\Binn;C:\Program Files\Microsoft SQL Server\120\Tools\Binn;C:\Program Files\Microsoft SQL Server\120\DTS\Binn;C:\Program Files (x86)\Microsoft SQL Server\120\Tools\Binn\ManagementStudio;C:\Program Files (x86)\Microsoft SQL Server\120\DTS\Binn;C:\Program Files (x86)\Rational\common;C:\Program Files\Microsoft SQL Server\130\Tools\Binn;C:\Program Files\Microsoft SQL Server\Client SDK\ODBC\170\Tools\Binn;C:\xampp\php;C:\Program Files (x86)\Microsoft SQL Server\150\DTS\Binn;C:\ProgramData\chocolatey\bin;C:\Program Files\SlikSvn\bin;C:\Program Files\Git\cmd;C:\Program Files\nodejs;C:\Program Files\dotnet;C:\ProgramData\ComposerSetup\bin;C:\Program Files\Java\jdk1.8.0_131\bin;C:\Program Files\Docker\Docker\resources\bin;C:\Users\MAURICIO\AppData\Local\Microsoft\WindowsApps;C:\Users\MAURICIO\AppData\Local\Programs\Microsoft VS Code\bin;C:\Program Files\Java\jdk-11\bin;C:\Users\MAURICIO\AppData\Roaming\npm;C:\src\flutter\bin;C:\Users\MAURICIO\.dotnet\tools;C:\flutter\bin;C:\Users\MAURICIO\AppData\Roaming\Composer\vendor\bin;C:\Program Files\Git\usr\bin\vendor_perl;C:\Program Files\Git\usr\bin\core_perl

Yarn version: 
  1.22.19

Node version: 
  16.15.0

Platform: 
  win32 x64

Trace: 
  Error: canceled
      at Interface.<anonymous> (C:\Users\MAURICIO\AppData\Roaming\npm\node_modules\yarn\lib\cli.js:137150:13)
      at Interface.emit (node:events:527:28)
      at Interface._ttyWrite (node:readline:1081:16)
      at ReadStream.onkeypress (node:readline:288:10)
      at ReadStream.emit (node:events:527:28)
      at emitKeys (node:internal/readline/utils:358:14)
      at emitKeys.next (<anonymous>)
      at ReadStream.onData (node:internal/readline/emitKeypressEvents:61:36)
      at ReadStream.emit (node:events:527:28)
      at addChunk (node:internal/streams/readable:315:12)

npm manifest: 
  {
    "name": "server",
    "version": "1.0.0",
    "description": "",
    "main": "index.js",
    "scripts": {
      "start": "nodemon src/server.ts"
    },
    "author": "",
    "license": "ISC",
    "devDependencies": {
      "@types/bcryptjs": "^2.4.4",
      "@types/express": "^4.17.18",
      "@types/node": "^20.8.2",
      "@types/validator": "^13.11.2",
      "nodemon": "^3.0.1",
      "ts-node": "^10.9.1"
    },
    "dependencies": {
      "bcryptjs": "^2.4.3",
      "body-parser": "^1.20.2",
      "express": "^4.18.2",
      "mongoose": "^7.5.3",
      "socket.io": "^4.7.2",
      "validator": "^13.11.0"
    }
  }

yarn manifest: 
  No manifest

Lockfile: 
  No lockfile
